<div class="story">
<h1></h1>
<div class="path">stories/Авторизация по почте.story</div>
<div class="scenario">
<h2>Scenario: scenario description</h2>
<div class="step successful">Given Открывается главная страница</div>
<div class="step failed">Then Загружена страница &quot;Главная страница&quot; <span class="keyword failed">(FAILED)</span><br/><span class="message failed">net.serenitybdd.core.exceptions.SerenityManagedException: Timed out after 2 seconds. Element not found
For documentation on this error, please visit: http://seleniumhq.org/exceptions/no_such_element.html
Build info: version: '3.4.0', revision: 'unknown', time: 'unknown'
System info: host: 'PC', ip: '192.168.1.66', os.name: 'Windows 7', os.arch: 'amd64', os.version: '6.1', java.version: '1.8.0_111'
Driver info: driver.version: unknown</span></div>
<div class="step notPerformed">When Выполнено нажатие на кнопку войти <span class="keyword notPerformed">(NOT PERFORMED)</span></div>
<div class="step notPerformed">Then Загружена страница &quot;Страница авторизации&quot; <span class="keyword notPerformed">(NOT PERFORMED)</span></div>
<div class="step notPerformed">When Проверяется валидация полей логин и пароль <span class="keyword notPerformed">(NOT PERFORMED)</span></div>
<div class="step notPerformed">When Заполняются поля логин значением &quot;dmitriyzotovtest@yandex.ru&quot; и пароль значением &quot;767200&quot; <span class="keyword notPerformed">(NOT PERFORMED)</span></div>
<div class="step notPerformed">When Выполнено нажатие на кнопку войти <span class="keyword notPerformed">(NOT PERFORMED)</span></div>
<div class="step notPerformed">Then Загружена страница &quot;Авторизованная зона&quot; <span class="keyword notPerformed">(NOT PERFORMED)</span></div>
<div class="step notPerformed">Then Проверяется значение поля userName = &quot;Дмитрий&quot; <span class="keyword notPerformed">(NOT PERFORMED)</span></div>
<pre class="failure">net.serenitybdd.core.exceptions.SerenityManagedException: Timed out after 2 seconds. Element not found
For documentation on this error, please visit: http://seleniumhq.org/exceptions/no_such_element.html
Build info: version: '3.4.0', revision: 'unknown', time: 'unknown'
System info: host: 'PC', ip: '192.168.1.66', os.name: 'Windows 7', os.arch: 'amd64', os.version: '6.1', java.version: '1.8.0_111'
Driver info: driver.version: unknown
	at net.serenitybdd.core.exceptions.SerenityManagedException.detachedCopyOf(SerenityManagedException.java:20)
	at net.thucydides.core.steps.StepInterceptor.runTestStep(StepInterceptor.java:364)
	at net.thucydides.core.steps.StepInterceptor.testStepResult(StepInterceptor.java:132)
	at net.thucydides.core.steps.StepInterceptor.intercept(StepInterceptor.java:61)
	at ru.deliver.zotov.autotests.steps.serenity.PageSteps$$EnhancerByCGLIB$$af03389e.pageIsLoaded(&lt;generated&gt;)
	at ru.deliver.zotov.autotests.steps.ScenarioSteps.stepLoadedPage(ScenarioSteps.java:27)
	(reflection-invoke)
	at org.jbehave.core.steps.StepCreator$ParametrisedStep.perform(StepCreator.java:733)
	at org.jbehave.core.embedder.PerformableTree$FineSoFar.run(PerformableTree.java:346)
...</pre>
</div>
</div>
